build/app/intermediates/manifest_merge_blame_file/release/manifest-merger-blame-release-report.txt
1<?xml version="1.0" encoding="utf-8"?>
2<manifest xmlns:android="http://schemas.android.com/apk/res/android"
3    package="com.unifei.br.phraseflow"
4    android:versionCode="1"
5    android:versionName="1.0.0" >
6
7    <uses-sdk
8        android:minSdkVersion="21"
8-->src\main\AndroidManifest.xml
9        android:targetSdkVersion="33" />
9-->src\main\AndroidManifest.xml
10
11    <uses-permission android:name="android.permission.INTERNET" />
11-->src\main\AndroidManifest.xml:4:5-66
11-->src\main\AndroidManifest.xml:4:22-64
12    <uses-permission android:name="android.permission.ACCESS_NETWORK_STATE" />
12-->[:connectivity] AndroidManifest.xml:7:5-79
12-->[:connectivity] AndroidManifest.xml:7:22-76
13    <uses-permission android:name="android.permission.WAKE_LOCK" />
13-->[com.google.android.gms:play-services-measurement-api:21.5.0] AndroidManifest.xml:24:5-68
13-->[com.google.android.gms:play-services-measurement-api:21.5.0] AndroidManifest.xml:24:22-65
14    <uses-permission android:name="com.google.android.gms.permission.AD_ID" />
14-->[com.google.android.gms:play-services-measurement-api:21.5.0] AndroidManifest.xml:25:5-79
14-->[com.google.android.gms:play-services-measurement-api:21.5.0] AndroidManifest.xml:25:22-76
15    <uses-permission android:name="android.permission.ACCESS_ADSERVICES_ATTRIBUTION" />
15-->[com.google.android.gms:play-services-measurement-api:21.5.0] AndroidManifest.xml:26:5-88
15-->[com.google.android.gms:play-services-measurement-api:21.5.0] AndroidManifest.xml:26:22-85
16    <uses-permission android:name="android.permission.ACCESS_ADSERVICES_AD_ID" />
16-->[com.google.android.gms:play-services-measurement-api:21.5.0] AndroidManifest.xml:27:5-82
16-->[com.google.android.gms:play-services-measurement-api:21.5.0] AndroidManifest.xml:27:22-79
17    <uses-permission android:name="android.permission.POST_NOTIFICATIONS" /> <!-- Required by older versions of Google Play services to create IID tokens -->
17-->[com.google.firebase:firebase-messaging:23.3.1] AndroidManifest.xml:23:5-77
17-->[com.google.firebase:firebase-messaging:23.3.1] AndroidManifest.xml:23:22-74
18    <uses-permission android:name="com.google.android.c2dm.permission.RECEIVE" />
18-->[com.google.firebase:firebase-messaging:23.3.1] AndroidManifest.xml:26:5-82
18-->[com.google.firebase:firebase-messaging:23.3.1] AndroidManifest.xml:26:22-79
19    <uses-permission android:name="com.google.android.finsky.permission.BIND_GET_INSTALL_REFERRER_SERVICE" />
19-->[com.google.android.gms:play-services-measurement:21.5.0] AndroidManifest.xml:26:5-110
19-->[com.google.android.gms:play-services-measurement:21.5.0] AndroidManifest.xml:26:22-107
20
21    <permission
21-->[androidx.core:core:1.9.0] AndroidManifest.xml:22:5-24:47
22        android:name="com.unifei.br.phraseflow.DYNAMIC_RECEIVER_NOT_EXPORTED_PERMISSION"
22-->[androidx.core:core:1.9.0] AndroidManifest.xml:23:9-81
23        android:protectionLevel="signature" />
23-->[androidx.core:core:1.9.0] AndroidManifest.xml:24:9-44
24
25    <uses-permission android:name="com.unifei.br.phraseflow.DYNAMIC_RECEIVER_NOT_EXPORTED_PERMISSION" />
25-->[androidx.core:core:1.9.0] AndroidManifest.xml:26:5-97
25-->[androidx.core:core:1.9.0] AndroidManifest.xml:26:22-94
26
27    <application
27-->src\main\AndroidManifest.xml:7:5-61:19
28        android:appComponentFactory="androidx.core.app.CoreComponentFactory"
28-->[androidx.core:core:1.9.0] AndroidManifest.xml:28:18-86
29        android:icon="@mipmap/ic_launcher"
29-->src\main\AndroidManifest.xml:10:9-43
30        android:label="PhraseFlow"
30-->src\main\AndroidManifest.xml:8:9-35
31        android:requestLegacyExternalStorage="true" >
31-->src\main\AndroidManifest.xml:11:9-52
32        <activity
32-->src\main\AndroidManifest.xml:13:9-51:20
33            android:name="com.unifei.br.phraseflow.MainActivity"
33-->src\main\AndroidManifest.xml:14:13-41
34            android:configChanges="orientation|keyboardHidden|keyboard|screenSize|smallestScreenSize|locale|layoutDirection|fontScale|screenLayout|density|uiMode"
34-->src\main\AndroidManifest.xml:18:13-163
35            android:exported="true"
35-->src\main\AndroidManifest.xml:15:13-36
36            android:hardwareAccelerated="true"
36-->src\main\AndroidManifest.xml:19:13-47
37            android:launchMode="singleTop"
37-->src\main\AndroidManifest.xml:16:13-43
38            android:theme="@style/LaunchTheme"
38-->src\main\AndroidManifest.xml:17:13-47
39            android:windowSoftInputMode="adjustResize" >
39-->src\main\AndroidManifest.xml:20:13-55
40
41            <!--
42                 Specifies an Android theme to apply to this Activity as soon as
43                 the Android process has started. This theme is visible to the user
44                 while the Flutter UI initializes. After that, this theme continues
45                 to determine the Window background behind the Flutter UI.
46            -->
47            <meta-data
47-->src\main\AndroidManifest.xml:25:13-28:17
48                android:name="io.flutter.embedding.android.NormalTheme"
48-->src\main\AndroidManifest.xml:26:15-70
49                android:resource="@style/NormalTheme" />
49-->src\main\AndroidManifest.xml:27:15-52
50            <!--
51                 Displays an Android View that continues showing the launch screen
52                 Drawable until Flutter paints its first frame, then this splash
53                 screen fades out. A splash screen is useful to avoid any visual
54                 gap between the end of Android's launch screen and the painting of
55                 Flutter's first frame.
56            -->
57            <meta-data
57-->src\main\AndroidManifest.xml:34:13-37:17
58                android:name="io.flutter.embedding.android.SplashScreenDrawable"
58-->src\main\AndroidManifest.xml:35:15-79
59                android:resource="@drawable/launch_background" />
59-->src\main\AndroidManifest.xml:36:15-61
60
61            <intent-filter>
61-->src\main\AndroidManifest.xml:38:13-41:29
62                <action android:name="android.intent.action.MAIN" />
62-->src\main\AndroidManifest.xml:39:17-68
62-->src\main\AndroidManifest.xml:39:25-66
63
64                <category android:name="android.intent.category.LAUNCHER" />
64-->src\main\AndroidManifest.xml:40:17-76
64-->src\main\AndroidManifest.xml:40:27-74
65            </intent-filter>
66            <!-- Deep linking -->
67            <meta-data
67-->src\main\AndroidManifest.xml:43:13-90
68                android:name="flutter_deeplinking_enabled"
68-->src\main\AndroidManifest.xml:43:24-66
69                android:value="true" />
69-->src\main\AndroidManifest.xml:43:67-87
70
71            <intent-filter android:autoVerify="true" >
71-->src\main\AndroidManifest.xml:44:13-49:29
71-->src\main\AndroidManifest.xml:44:28-53
72                <action android:name="android.intent.action.VIEW" />
72-->src\main\AndroidManifest.xml:45:17-69
72-->src\main\AndroidManifest.xml:45:25-66
73
74                <category android:name="android.intent.category.DEFAULT" />
74-->src\main\AndroidManifest.xml:46:17-76
74-->src\main\AndroidManifest.xml:46:27-73
75                <category android:name="android.intent.category.BROWSABLE" />
75-->src\main\AndroidManifest.xml:47:17-78
75-->src\main\AndroidManifest.xml:47:27-75
76
77                <data
77-->src\main\AndroidManifest.xml:48:17-83
78                    android:host="phraseflow.com"
78-->src\main\AndroidManifest.xml:48:51-80
79                    android:scheme="phraseflow" />
79-->src\main\AndroidManifest.xml:48:23-50
80            </intent-filter>
81        </activity>
82
83        <!--
84             Don't delete the meta-data below.
85             This is used by the Flutter tool to generate GeneratedPluginRegistrant.java
86        -->
87        <meta-data
87-->src\main\AndroidManifest.xml:55:9-57:33
88            android:name="flutterEmbedding"
88-->src\main\AndroidManifest.xml:56:13-44
89            android:value="2" />
89-->src\main\AndroidManifest.xml:57:13-30
90
91        <service
91-->[:firebase_auth] AndroidManifest.xml:8:9-12:19
92            android:name="com.google.firebase.components.ComponentDiscoveryService"
92-->[:firebase_auth] AndroidManifest.xml:8:18-89
93            android:directBootAware="true"
93-->[com.google.firebase:firebase-common:20.4.2] AndroidManifest.xml:32:13-43
94            android:exported="false" >
94-->[com.google.android.gms:play-services-measurement-api:21.5.0] AndroidManifest.xml:36:13-37
95            <meta-data
95-->[:firebase_auth] AndroidManifest.xml:9:13-11:85
96                android:name="com.google.firebase.components:io.flutter.plugins.firebase.auth.FlutterFirebaseAuthRegistrar"
96-->[:firebase_auth] AndroidManifest.xml:10:17-124
97                android:value="com.google.firebase.components.ComponentRegistrar" />
97-->[:firebase_auth] AndroidManifest.xml:11:17-82
98            <meta-data
98-->[:firebase_core] AndroidManifest.xml:9:13-11:85
99                android:name="com.google.firebase.components:io.flutter.plugins.firebase.core.FlutterFirebaseCoreRegistrar"
99-->[:firebase_core] AndroidManifest.xml:10:17-124
100                android:value="com.google.firebase.components.ComponentRegistrar" />
100-->[:firebase_core] AndroidManifest.xml:11:17-82
101            <meta-data
101-->[com.google.android.gms:play-services-measurement-api:21.5.0] AndroidManifest.xml:37:13-39:85
102                android:name="com.google.firebase.components:com.google.firebase.analytics.connector.internal.AnalyticsConnectorRegistrar"
102-->[com.google.android.gms:play-services-measurement-api:21.5.0] AndroidManifest.xml:38:17-139
103                android:value="com.google.firebase.components.ComponentRegistrar" />
103-->[com.google.android.gms:play-services-measurement-api:21.5.0] AndroidManifest.xml:39:17-82
104            <meta-data
104-->[com.google.firebase:firebase-messaging:23.3.1] AndroidManifest.xml:57:13-59:85
105                android:name="com.google.firebase.components:com.google.firebase.messaging.FirebaseMessagingKtxRegistrar"
105-->[com.google.firebase:firebase-messaging:23.3.1] AndroidManifest.xml:58:17-122
106                android:value="com.google.firebase.components.ComponentRegistrar" />
106-->[com.google.firebase:firebase-messaging:23.3.1] AndroidManifest.xml:59:17-82
107            <meta-data
107-->[com.google.firebase:firebase-messaging:23.3.1] AndroidManifest.xml:60:13-62:85
108                android:name="com.google.firebase.components:com.google.firebase.messaging.FirebaseMessagingRegistrar"
108-->[com.google.firebase:firebase-messaging:23.3.1] AndroidManifest.xml:61:17-119
109                android:value="com.google.firebase.components.ComponentRegistrar" />
109-->[com.google.firebase:firebase-messaging:23.3.1] AndroidManifest.xml:62:17-82
110            <meta-data
110-->[com.google.firebase:firebase-auth:22.2.0] AndroidManifest.xml:69:13-71:85
111                android:name="com.google.firebase.components:com.google.firebase.auth.FirebaseAuthRegistrar"
111-->[com.google.firebase:firebase-auth:22.2.0] AndroidManifest.xml:70:17-109
112                android:value="com.google.firebase.components.ComponentRegistrar" />
112-->[com.google.firebase:firebase-auth:22.2.0] AndroidManifest.xml:71:17-82
113            <meta-data
113-->[com.google.firebase:firebase-installations:17.2.0] AndroidManifest.xml:15:13-17:85
114                android:name="com.google.firebase.components:com.google.firebase.installations.FirebaseInstallationsKtxRegistrar"
114-->[com.google.firebase:firebase-installations:17.2.0] AndroidManifest.xml:16:17-130
115                android:value="com.google.firebase.components.ComponentRegistrar" />
115-->[com.google.firebase:firebase-installations:17.2.0] AndroidManifest.xml:17:17-82
116            <meta-data
116-->[com.google.firebase:firebase-installations:17.2.0] AndroidManifest.xml:18:13-20:85
117                android:name="com.google.firebase.components:com.google.firebase.installations.FirebaseInstallationsRegistrar"
117-->[com.google.firebase:firebase-installations:17.2.0] AndroidManifest.xml:19:17-127
118                android:value="com.google.firebase.components.ComponentRegistrar" />
118-->[com.google.firebase:firebase-installations:17.2.0] AndroidManifest.xml:20:17-82
119            <meta-data
119-->[com.google.firebase:firebase-common-ktx:20.4.2] AndroidManifest.xml:12:13-14:85
120                android:name="com.google.firebase.components:com.google.firebase.ktx.FirebaseCommonLegacyRegistrar"
120-->[com.google.firebase:firebase-common-ktx:20.4.2] AndroidManifest.xml:13:17-116
121                android:value="com.google.firebase.components.ComponentRegistrar" />
121-->[com.google.firebase:firebase-common-ktx:20.4.2] AndroidManifest.xml:14:17-82
122            <meta-data
122-->[com.google.firebase:firebase-common:20.4.2] AndroidManifest.xml:35:13-37:85
123                android:name="com.google.firebase.components:com.google.firebase.FirebaseCommonKtxRegistrar"
123-->[com.google.firebase:firebase-common:20.4.2] AndroidManifest.xml:36:17-109
124                android:value="com.google.firebase.components.ComponentRegistrar" />
124-->[com.google.firebase:firebase-common:20.4.2] AndroidManifest.xml:37:17-82
125            <meta-data
125-->[com.google.firebase:firebase-datatransport:18.1.7] AndroidManifest.xml:27:13-29:85
126                android:name="com.google.firebase.components:com.google.firebase.datatransport.TransportRegistrar"
126-->[com.google.firebase:firebase-datatransport:18.1.7] AndroidManifest.xml:28:17-115
127                android:value="com.google.firebase.components.ComponentRegistrar" />
127-->[com.google.firebase:firebase-datatransport:18.1.7] AndroidManifest.xml:29:17-82
128        </service>
129
130        <activity
130-->[:url_launcher_android] AndroidManifest.xml:8:9-11:74
131            android:name="io.flutter.plugins.urllauncher.WebViewActivity"
131-->[:url_launcher_android] AndroidManifest.xml:9:13-74
132            android:exported="false"
132-->[:url_launcher_android] AndroidManifest.xml:10:13-37
133            android:theme="@android:style/Theme.NoTitleBar.Fullscreen" />
133-->[:url_launcher_android] AndroidManifest.xml:11:13-71
134
135        <property
135-->[com.google.android.gms:play-services-measurement-api:21.5.0] AndroidManifest.xml:30:9-32:61
136            android:name="android.adservices.AD_SERVICES_CONFIG"
136-->[com.google.android.gms:play-services-measurement-api:21.5.0] AndroidManifest.xml:31:13-65
137            android:resource="@xml/ga_ad_services_config" />
137-->[com.google.android.gms:play-services-measurement-api:21.5.0] AndroidManifest.xml:32:13-58
138
139        <receiver
139-->[com.google.firebase:firebase-messaging:23.3.1] AndroidManifest.xml:29:9-40:20
140            android:name="com.google.firebase.iid.FirebaseInstanceIdReceiver"
140-->[com.google.firebase:firebase-messaging:23.3.1] AndroidManifest.xml:30:13-78
141            android:exported="true"
141-->[com.google.firebase:firebase-messaging:23.3.1] AndroidManifest.xml:31:13-36
142            android:permission="com.google.android.c2dm.permission.SEND" >
142-->[com.google.firebase:firebase-messaging:23.3.1] AndroidManifest.xml:32:13-73
143            <intent-filter>
143-->[com.google.firebase:firebase-messaging:23.3.1] AndroidManifest.xml:33:13-35:29
144                <action android:name="com.google.android.c2dm.intent.RECEIVE" />
144-->[com.google.firebase:firebase-messaging:23.3.1] AndroidManifest.xml:34:17-81
144-->[com.google.firebase:firebase-messaging:23.3.1] AndroidManifest.xml:34:25-78
145            </intent-filter>
146
147            <meta-data
147-->[com.google.firebase:firebase-messaging:23.3.1] AndroidManifest.xml:37:13-39:40
148                android:name="com.google.android.gms.cloudmessaging.FINISHED_AFTER_HANDLED"
148-->[com.google.firebase:firebase-messaging:23.3.1] AndroidManifest.xml:38:17-92
149                android:value="true" />
149-->[com.google.firebase:firebase-messaging:23.3.1] AndroidManifest.xml:39:17-37
150        </receiver>
151        <!--
152             FirebaseMessagingService performs security checks at runtime,
153             but set to not exported to explicitly avoid allowing another app to call it.
154        -->
155        <service
155-->[com.google.firebase:firebase-messaging:23.3.1] AndroidManifest.xml:46:9-53:19
156            android:name="com.google.firebase.messaging.FirebaseMessagingService"
156-->[com.google.firebase:firebase-messaging:23.3.1] AndroidManifest.xml:47:13-82
157            android:directBootAware="true"
157-->[com.google.firebase:firebase-messaging:23.3.1] AndroidManifest.xml:48:13-43
158            android:exported="false" >
158-->[com.google.firebase:firebase-messaging:23.3.1] AndroidManifest.xml:49:13-37
159            <intent-filter android:priority="-500" >
159-->[com.google.firebase:firebase-messaging:23.3.1] AndroidManifest.xml:50:13-52:29
159-->[com.google.firebase:firebase-messaging:23.3.1] AndroidManifest.xml:50:28-51
160                <action android:name="com.google.firebase.MESSAGING_EVENT" />
160-->[com.google.firebase:firebase-messaging:23.3.1] AndroidManifest.xml:51:17-78
160-->[com.google.firebase:firebase-messaging:23.3.1] AndroidManifest.xml:51:25-75
161            </intent-filter>
162        </service>
163
164        <activity
164-->[com.google.firebase:firebase-auth:22.2.0] AndroidManifest.xml:29:9-46:20
165            android:name="com.google.firebase.auth.internal.GenericIdpActivity"
165-->[com.google.firebase:firebase-auth:22.2.0] AndroidManifest.xml:30:13-80
166            android:excludeFromRecents="true"
166-->[com.google.firebase:firebase-auth:22.2.0] AndroidManifest.xml:31:13-46
167            android:exported="true"
167-->[com.google.firebase:firebase-auth:22.2.0] AndroidManifest.xml:32:13-36
168            android:launchMode="singleTask"
168-->[com.google.firebase:firebase-auth:22.2.0] AndroidManifest.xml:33:13-44
169            android:theme="@android:style/Theme.Translucent.NoTitleBar" >
169-->[com.google.firebase:firebase-auth:22.2.0] AndroidManifest.xml:34:13-72
170            <intent-filter>
170-->[com.google.firebase:firebase-auth:22.2.0] AndroidManifest.xml:35:13-45:29
171                <action android:name="android.intent.action.VIEW" />
171-->src\main\AndroidManifest.xml:45:17-69
171-->src\main\AndroidManifest.xml:45:25-66
172
173                <category android:name="android.intent.category.DEFAULT" />
173-->src\main\AndroidManifest.xml:46:17-76
173-->src\main\AndroidManifest.xml:46:27-73
174                <category android:name="android.intent.category.BROWSABLE" />
174-->src\main\AndroidManifest.xml:47:17-78
174-->src\main\AndroidManifest.xml:47:27-75
175
176                <data
176-->src\main\AndroidManifest.xml:48:17-83
177                    android:host="firebase.auth"
177-->src\main\AndroidManifest.xml:48:51-80
178                    android:path="/"
179                    android:scheme="genericidp" />
179-->src\main\AndroidManifest.xml:48:23-50
180            </intent-filter>
181        </activity>
182        <activity
182-->[com.google.firebase:firebase-auth:22.2.0] AndroidManifest.xml:47:9-64:20
183            android:name="com.google.firebase.auth.internal.RecaptchaActivity"
183-->[com.google.firebase:firebase-auth:22.2.0] AndroidManifest.xml:48:13-79
184            android:excludeFromRecents="true"
184-->[com.google.firebase:firebase-auth:22.2.0] AndroidManifest.xml:49:13-46
185            android:exported="true"
185-->[com.google.firebase:firebase-auth:22.2.0] AndroidManifest.xml:50:13-36
186            android:launchMode="singleTask"
186-->[com.google.firebase:firebase-auth:22.2.0] AndroidManifest.xml:51:13-44
187            android:theme="@android:style/Theme.Translucent.NoTitleBar" >
187-->[com.google.firebase:firebase-auth:22.2.0] AndroidManifest.xml:52:13-72
188            <intent-filter>
188-->[com.google.firebase:firebase-auth:22.2.0] AndroidManifest.xml:53:13-63:29
189                <action android:name="android.intent.action.VIEW" />
189-->src\main\AndroidManifest.xml:45:17-69
189-->src\main\AndroidManifest.xml:45:25-66
190
191                <category android:name="android.intent.category.DEFAULT" />
191-->src\main\AndroidManifest.xml:46:17-76
191-->src\main\AndroidManifest.xml:46:27-73
192                <category android:name="android.intent.category.BROWSABLE" />
192-->src\main\AndroidManifest.xml:47:17-78
192-->src\main\AndroidManifest.xml:47:27-75
193
194                <data
194-->src\main\AndroidManifest.xml:48:17-83
195                    android:host="firebase.auth"
195-->src\main\AndroidManifest.xml:48:51-80
196                    android:path="/"
197                    android:scheme="recaptcha" />
197-->src\main\AndroidManifest.xml:48:23-50
198            </intent-filter>
199        </activity>
200
201        <receiver
201-->[com.google.android.gms:play-services-measurement:21.5.0] AndroidManifest.xml:29:9-33:20
202            android:name="com.google.android.gms.measurement.AppMeasurementReceiver"
202-->[com.google.android.gms:play-services-measurement:21.5.0] AndroidManifest.xml:30:13-85
203            android:enabled="true"
203-->[com.google.android.gms:play-services-measurement:21.5.0] AndroidManifest.xml:31:13-35
204            android:exported="false" >
204-->[com.google.android.gms:play-services-measurement:21.5.0] AndroidManifest.xml:32:13-37
205        </receiver>
206
207        <service
207-->[com.google.android.gms:play-services-measurement:21.5.0] AndroidManifest.xml:35:9-38:40
208            android:name="com.google.android.gms.measurement.AppMeasurementService"
208-->[com.google.android.gms:play-services-measurement:21.5.0] AndroidManifest.xml:36:13-84
209            android:enabled="true"
209-->[com.google.android.gms:play-services-measurement:21.5.0] AndroidManifest.xml:37:13-35
210            android:exported="false" />
210-->[com.google.android.gms:play-services-measurement:21.5.0] AndroidManifest.xml:38:13-37
211        <service
211-->[com.google.android.gms:play-services-measurement:21.5.0] AndroidManifest.xml:39:9-43:72
212            android:name="com.google.android.gms.measurement.AppMeasurementJobService"
212-->[com.google.android.gms:play-services-measurement:21.5.0] AndroidManifest.xml:40:13-87
213            android:enabled="true"
213-->[com.google.android.gms:play-services-measurement:21.5.0] AndroidManifest.xml:41:13-35
214            android:exported="false"
214-->[com.google.android.gms:play-services-measurement:21.5.0] AndroidManifest.xml:42:13-37
215            android:permission="android.permission.BIND_JOB_SERVICE" />
215-->[com.google.android.gms:play-services-measurement:21.5.0] AndroidManifest.xml:43:13-69
216
217        <uses-library
217-->[androidx.privacysandbox.ads:ads-adservices:1.0.0-beta05] AndroidManifest.xml:23:9-25:40
218            android:name="android.ext.adservices"
218-->[androidx.privacysandbox.ads:ads-adservices:1.0.0-beta05] AndroidManifest.xml:24:13-50
219            android:required="false" />
219-->[androidx.privacysandbox.ads:ads-adservices:1.0.0-beta05] AndroidManifest.xml:25:13-37
220        <uses-library
220-->[androidx.window:window:1.0.0-beta04] AndroidManifest.xml:25:9-27:40
221            android:name="androidx.window.extensions"
221-->[androidx.window:window:1.0.0-beta04] AndroidManifest.xml:26:13-54
222            android:required="false" />
222-->[androidx.window:window:1.0.0-beta04] AndroidManifest.xml:27:13-37
223        <uses-library
223-->[androidx.window:window:1.0.0-beta04] AndroidManifest.xml:28:9-30:40
224            android:name="androidx.window.sidecar"
224-->[androidx.window:window:1.0.0-beta04] AndroidManifest.xml:29:13-51
225            android:required="false" />
225-->[androidx.window:window:1.0.0-beta04] AndroidManifest.xml:30:13-37
226
227        <provider
227-->[com.google.firebase:firebase-common:20.4.2] AndroidManifest.xml:23:9-28:39
228            android:name="com.google.firebase.provider.FirebaseInitProvider"
228-->[com.google.firebase:firebase-common:20.4.2] AndroidManifest.xml:24:13-77
229            android:authorities="com.unifei.br.phraseflow.firebaseinitprovider"
229-->[com.google.firebase:firebase-common:20.4.2] AndroidManifest.xml:25:13-72
230            android:directBootAware="true"
230-->[com.google.firebase:firebase-common:20.4.2] AndroidManifest.xml:26:13-43
231            android:exported="false"
231-->[com.google.firebase:firebase-common:20.4.2] AndroidManifest.xml:27:13-37
232            android:initOrder="100" />
232-->[com.google.firebase:firebase-common:20.4.2] AndroidManifest.xml:28:13-36
233
234        <service
234-->[com.google.android.datatransport:transport-backend-cct:3.1.8] AndroidManifest.xml:28:9-34:19
235            android:name="com.google.android.datatransport.runtime.backends.TransportBackendDiscovery"
235-->[com.google.android.datatransport:transport-backend-cct:3.1.8] AndroidManifest.xml:29:13-103
236            android:exported="false" >
236-->[com.google.android.datatransport:transport-backend-cct:3.1.8] AndroidManifest.xml:30:13-37
237            <meta-data
237-->[com.google.android.datatransport:transport-backend-cct:3.1.8] AndroidManifest.xml:31:13-33:39
238                android:name="backend:com.google.android.datatransport.cct.CctBackendFactory"
238-->[com.google.android.datatransport:transport-backend-cct:3.1.8] AndroidManifest.xml:32:17-94
239                android:value="cct" />
239-->[com.google.android.datatransport:transport-backend-cct:3.1.8] AndroidManifest.xml:33:17-36
240        </service>
241        <service
241-->[com.google.android.datatransport:transport-runtime:3.1.8] AndroidManifest.xml:26:9-30:19
242            android:name="com.google.android.datatransport.runtime.scheduling.jobscheduling.JobInfoSchedulerService"
242-->[com.google.android.datatransport:transport-runtime:3.1.8] AndroidManifest.xml:27:13-117
243            android:exported="false"
243-->[com.google.android.datatransport:transport-runtime:3.1.8] AndroidManifest.xml:28:13-37
244            android:permission="android.permission.BIND_JOB_SERVICE" >
244-->[com.google.android.datatransport:transport-runtime:3.1.8] AndroidManifest.xml:29:13-69
245        </service>
246
247        <receiver
247-->[com.google.android.datatransport:transport-runtime:3.1.8] AndroidManifest.xml:32:9-34:40
248            android:name="com.google.android.datatransport.runtime.scheduling.jobscheduling.AlarmManagerSchedulerBroadcastReceiver"
248-->[com.google.android.datatransport:transport-runtime:3.1.8] AndroidManifest.xml:33:13-132
249            android:exported="false" />
249-->[com.google.android.datatransport:transport-runtime:3.1.8] AndroidManifest.xml:34:13-37
250
251        <activity
251-->[com.google.android.gms:play-services-auth:20.7.0] AndroidManifest.xml:23:9-27:75
252            android:name="com.google.android.gms.auth.api.signin.internal.SignInHubActivity"
252-->[com.google.android.gms:play-services-auth:20.7.0] AndroidManifest.xml:24:13-93
253            android:excludeFromRecents="true"
253-->[com.google.android.gms:play-services-auth:20.7.0] AndroidManifest.xml:25:13-46
254            android:exported="false"
254-->[com.google.android.gms:play-services-auth:20.7.0] AndroidManifest.xml:26:13-37
255            android:theme="@android:style/Theme.Translucent.NoTitleBar" />
255-->[com.google.android.gms:play-services-auth:20.7.0] AndroidManifest.xml:27:13-72
256        <!--
257            Service handling Google Sign-In user revocation. For apps that do not integrate with
258            Google Sign-In, this service will never be started.
259        -->
260        <service
260-->[com.google.android.gms:play-services-auth:20.7.0] AndroidManifest.xml:33:9-37:51
261            android:name="com.google.android.gms.auth.api.signin.RevocationBoundService"
261-->[com.google.android.gms:play-services-auth:20.7.0] AndroidManifest.xml:34:13-89
262            android:exported="true"
262-->[com.google.android.gms:play-services-auth:20.7.0] AndroidManifest.xml:35:13-36
263            android:permission="com.google.android.gms.auth.api.signin.permission.REVOCATION_NOTIFICATION"
263-->[com.google.android.gms:play-services-auth:20.7.0] AndroidManifest.xml:36:13-107
264            android:visibleToInstantApps="true" />
264-->[com.google.android.gms:play-services-auth:20.7.0] AndroidManifest.xml:37:13-48
265
266        <activity
266-->[com.google.android.gms:play-services-base:18.0.1] AndroidManifest.xml:20:9-22:45
267            android:name="com.google.android.gms.common.api.GoogleApiActivity"
267-->[com.google.android.gms:play-services-base:18.0.1] AndroidManifest.xml:20:19-85
268            android:exported="false"
268-->[com.google.android.gms:play-services-base:18.0.1] AndroidManifest.xml:22:19-43
269            android:theme="@android:style/Theme.Translucent.NoTitleBar" />
269-->[com.google.android.gms:play-services-base:18.0.1] AndroidManifest.xml:21:19-78
270
271        <meta-data
271-->[com.google.android.gms:play-services-basement:18.2.0] AndroidManifest.xml:21:9-23:69
272            android:name="com.google.android.gms.version"
272-->[com.google.android.gms:play-services-basement:18.2.0] AndroidManifest.xml:22:13-58
273            android:value="@integer/google_play_services_version" />
273-->[com.google.android.gms:play-services-basement:18.2.0] AndroidManifest.xml:23:13-66
274    </application>
275
276</manifest>